<?xml version="1.0" encoding="UTF-8"?>
<testng-results ignored="0" total="2" passed="2" failed="0" skipped="0">
  <reporter-output>
  </reporter-output>
  <suite started-at="2022-11-07T04:49:20Z" name="Suite" finished-at="2022-11-07T04:49:33Z" duration-ms="13457">
    <groups>
    </groups>
    <test started-at="2022-11-07T04:49:20Z" name="Test" finished-at="2022-11-07T04:49:33Z" duration-ms="13457">
      <class name="com.petProjectAutomationTest.TestNg.LoginTest">
        <test-method is-config="true" signature="getWebDriver(java.lang.String)[pri:0, instance:com.petProjectAutomationTest.TestNg.LoginTest@1bd39d3c]" started-at="2022-11-07T04:49:20Z" name="getWebDriver" finished-at="2022-11-07T04:49:21Z" duration-ms="1283" status="PASS">
          <params>
            <param index="0">
              <value>
                <![CDATA[chrome]]>
              </value>
            </param>
          </params>
          <reporter-output>
          </reporter-output>
        </test-method> <!-- getWebDriver -->
        <test-method signature="LoginCheck(java.lang.String, java.lang.String)[pri:0, instance:com.petProjectAutomationTest.TestNg.LoginTest@1bd39d3c]" started-at="2022-11-07T04:49:21Z" name="LoginCheck" finished-at="2022-11-07T04:49:28Z" duration-ms="6896" status="PASS">
          <params>
            <param index="0">
              <value>
                <![CDATA[mk12345]]>
              </value>
            </param>
            <param index="1">
              <value>
                <![CDATA[mk12345]]>
              </value>
            </param>
          </params>
          <reporter-output>
          </reporter-output>
        </test-method> <!-- LoginCheck -->
        <test-method signature="AddToCart()[pri:0, instance:com.petProjectAutomationTest.TestNg.LoginTest@1bd39d3c]" started-at="2022-11-07T04:49:28Z" name="AddToCart" finished-at="2022-11-07T04:49:33Z" duration-ms="5122" status="PASS">
          <reporter-output>
          </reporter-output>
        </test-method> <!-- AddToCart -->
        <test-method is-config="true" signature="closeBrowser()[pri:0, instance:com.petProjectAutomationTest.TestNg.LoginTest@1bd39d3c]" started-at="2022-11-07T04:49:33Z" name="closeBrowser" finished-at="2022-11-07T04:49:33Z" duration-ms="143" status="PASS">
          <reporter-output>
          </reporter-output>
        </test-method> <!-- closeBrowser -->
      </class> <!-- com.petProjectAutomationTest.TestNg.LoginTest -->
    </test> <!-- Test -->
  </suite> <!-- Suite -->
</testng-results>
